<?xml version="1.0" encoding="UTF-8"?>
<testng-results skipped="0" failed="0" ignored="0" total="1" passed="1">
  <reporter-output>
  </reporter-output>
  <suite name="Default suite" duration-ms="12115" started-at="2021-09-26T21:20:19Z" finished-at="2021-09-26T21:20:31Z">
    <groups>
    </groups>
    <test name="Default test" duration-ms="12115" started-at="2021-09-26T21:20:19Z" finished-at="2021-09-26T21:20:31Z">
      <class name="Test.LoginPage_TestNG">
        <test-method status="PASS" signature="LaunchBrowser()[pri:0, instance:Test.LoginPage_TestNG@dc24521]" name="LaunchBrowser" is-config="true" duration-ms="3081" started-at="2021-09-26T23:20:19Z" finished-at="2021-09-26T23:20:22Z">
          <reporter-output>
          </reporter-output>
        </test-method> <!-- LaunchBrowser -->
        <test-method status="PASS" signature="LoginShopApathoke()[pri:0, instance:Test.LoginPage_TestNG@dc24521]" name="LoginShopApathoke" duration-ms="4314" started-at="2021-09-26T23:20:22Z" finished-at="2021-09-26T23:20:26Z">
          <reporter-output>
          </reporter-output>
        </test-method> <!-- LoginShopApathoke -->
        <test-method status="PASS" signature="CloseBrowser()[pri:0, instance:Test.LoginPage_TestNG@dc24521]" name="CloseBrowser" is-config="true" duration-ms="4708" started-at="2021-09-26T23:20:26Z" finished-at="2021-09-26T23:20:31Z">
          <reporter-output>
          </reporter-output>
        </test-method> <!-- CloseBrowser -->
      </class> <!-- Test.LoginPage_TestNG -->
    </test> <!-- Default test -->
  </suite> <!-- Default suite -->
</testng-results>
